#! /usr/bin/vvp
:ivl_version "11.0 (stable)";
:ivl_delay_selection "TYPICAL";
:vpi_time_precision + 0;
:vpi_module "/usr/lib/x86_64-linux-gnu/ivl/system.vpi";
:vpi_module "/usr/lib/x86_64-linux-gnu/ivl/vhdl_sys.vpi";
:vpi_module "/usr/lib/x86_64-linux-gnu/ivl/vhdl_textio.vpi";
:vpi_module "/usr/lib/x86_64-linux-gnu/ivl/v2005_math.vpi";
:vpi_module "/usr/lib/x86_64-linux-gnu/ivl/va_math.vpi";
S_0x5f4f08b34800 .scope module, "tb_mul8u_seq" "tb_mul8u_seq" 2 1;
 .timescale 0 0;
v0x5f4f08b5f000_0 .var "a", 7 0;
v0x5f4f08b5f0e0_0 .var "b", 7 0;
v0x5f4f08b5f1b0_0 .var "clk", 0 0;
v0x5f4f08b5f2b0_0 .net "ready", 0 0, v0x5f4f08b5ece0_0;  1 drivers
v0x5f4f08b5f380_0 .var "rst", 0 0;
v0x5f4f08b5f420_0 .net "y", 15 0, v0x5f4f08b5ee60_0;  1 drivers
S_0x5f4f08b0bdc0 .scope module, "DUT" "mul8u_seq" 2 8, 3 1 0, S_0x5f4f08b34800;
 .timescale 0 0;
    .port_info 0 /INPUT 1 "clk";
    .port_info 1 /INPUT 1 "rst";
    .port_info 2 /INPUT 8 "a";
    .port_info 3 /INPUT 8 "b";
    .port_info 4 /OUTPUT 16 "y";
    .port_info 5 /OUTPUT 1 "ready";
v0x5f4f08b0c060_0 .net "a", 7 0, v0x5f4f08b5f000_0;  1 drivers
v0x5f4f08b5e870_0 .net "b", 7 0, v0x5f4f08b5f0e0_0;  1 drivers
v0x5f4f08b5e950_0 .net "clk", 0 0, v0x5f4f08b5f1b0_0;  1 drivers
v0x5f4f08b5e9f0_0 .var "count", 3 0;
v0x5f4f08b5ead0_0 .var "multiplicand", 15 0;
v0x5f4f08b5ec00_0 .var "multiplier", 7 0;
v0x5f4f08b5ece0_0 .var "ready", 0 0;
v0x5f4f08b5eda0_0 .net "rst", 0 0, v0x5f4f08b5f380_0;  1 drivers
v0x5f4f08b5ee60_0 .var "y", 15 0;
E_0x5f4f08b48840 .event posedge, v0x5f4f08b5eda0_0, v0x5f4f08b5e950_0;
    .scope S_0x5f4f08b0bdc0;
T_0 ;
    %wait E_0x5f4f08b48840;
    %load/vec4 v0x5f4f08b5eda0_0;
    %flag_set/vec4 8;
    %jmp/0xz  T_0.0, 8;
    %pushi/vec4 0, 0, 16;
    %assign/vec4 v0x5f4f08b5ead0_0, 0;
    %pushi/vec4 0, 0, 8;
    %assign/vec4 v0x5f4f08b5ec00_0, 0;
    %pushi/vec4 0, 0, 16;
    %assign/vec4 v0x5f4f08b5ee60_0, 0;
    %pushi/vec4 0, 0, 4;
    %assign/vec4 v0x5f4f08b5e9f0_0, 0;
    %pushi/vec4 0, 0, 1;
    %assign/vec4 v0x5f4f08b5ece0_0, 0;
    %jmp T_0.1;
T_0.0 ;
    %load/vec4 v0x5f4f08b5e9f0_0;
    %pad/u 32;
    %cmpi/e 0, 0, 32;
    %jmp/0xz  T_0.2, 4;
    %pushi/vec4 0, 0, 8;
    %load/vec4 v0x5f4f08b0c060_0;
    %concat/vec4; draw_concat_vec4
    %assign/vec4 v0x5f4f08b5ead0_0, 0;
    %load/vec4 v0x5f4f08b5e870_0;
    %assign/vec4 v0x5f4f08b5ec00_0, 0;
    %pushi/vec4 0, 0, 16;
    %assign/vec4 v0x5f4f08b5ee60_0, 0;
    %pushi/vec4 0, 0, 1;
    %assign/vec4 v0x5f4f08b5ece0_0, 0;
    %pushi/vec4 1, 0, 4;
    %assign/vec4 v0x5f4f08b5e9f0_0, 0;
    %jmp T_0.3;
T_0.2 ;
    %load/vec4 v0x5f4f08b5e9f0_0;
    %pad/u 32;
    %cmpi/u 8, 0, 32;
    %flag_or 5, 4;
    %jmp/0xz  T_0.4, 5;
    %load/vec4 v0x5f4f08b5ec00_0;
    %parti/s 1, 0, 2;
    %flag_set/vec4 8;
    %jmp/0xz  T_0.6, 8;
    %load/vec4 v0x5f4f08b5ee60_0;
    %load/vec4 v0x5f4f08b5ead0_0;
    %add;
    %assign/vec4 v0x5f4f08b5ee60_0, 0;
T_0.6 ;
    %load/vec4 v0x5f4f08b5ead0_0;
    %ix/load 4, 1, 0;
    %flag_set/imm 4, 0;
    %shiftl 4;
    %assign/vec4 v0x5f4f08b5ead0_0, 0;
    %load/vec4 v0x5f4f08b5ec00_0;
    %ix/load 4, 1, 0;
    %flag_set/imm 4, 0;
    %shiftr 4;
    %assign/vec4 v0x5f4f08b5ec00_0, 0;
    %load/vec4 v0x5f4f08b5e9f0_0;
    %addi 1, 0, 4;
    %assign/vec4 v0x5f4f08b5e9f0_0, 0;
    %load/vec4 v0x5f4f08b5e9f0_0;
    %pad/u 32;
    %cmpi/e 8, 0, 32;
    %jmp/0xz  T_0.8, 4;
    %pushi/vec4 1, 0, 1;
    %assign/vec4 v0x5f4f08b5ece0_0, 0;
T_0.8 ;
T_0.4 ;
T_0.3 ;
T_0.1 ;
    %jmp T_0;
    .thread T_0;
    .scope S_0x5f4f08b34800;
T_1 ;
    %delay 5, 0;
    %load/vec4 v0x5f4f08b5f1b0_0;
    %inv;
    %store/vec4 v0x5f4f08b5f1b0_0, 0, 1;
    %jmp T_1;
    .thread T_1;
    .scope S_0x5f4f08b34800;
T_2 ;
    %vpi_call 2 13 "$dumpfile", "task2_tb.vcd" {0 0 0};
    %vpi_call 2 14 "$dumpvars", 32'sb00000000000000000000000000000000, S_0x5f4f08b34800 {0 0 0};
    %pushi/vec4 0, 0, 1;
    %store/vec4 v0x5f4f08b5f1b0_0, 0, 1;
    %pushi/vec4 1, 0, 1;
    %store/vec4 v0x5f4f08b5f380_0, 0, 1;
    %pushi/vec4 0, 0, 8;
    %store/vec4 v0x5f4f08b5f000_0, 0, 8;
    %pushi/vec4 0, 0, 8;
    %store/vec4 v0x5f4f08b5f0e0_0, 0, 8;
    %delay 10, 0;
    %pushi/vec4 0, 0, 1;
    %store/vec4 v0x5f4f08b5f380_0, 0, 1;
    %pushi/vec4 15, 0, 8;
    %store/vec4 v0x5f4f08b5f000_0, 0, 8;
    %pushi/vec4 3, 0, 8;
    %store/vec4 v0x5f4f08b5f0e0_0, 0, 8;
    %delay 100, 0;
    %pushi/vec4 255, 0, 8;
    %store/vec4 v0x5f4f08b5f000_0, 0, 8;
    %pushi/vec4 255, 0, 8;
    %store/vec4 v0x5f4f08b5f0e0_0, 0, 8;
    %delay 100, 0;
    %vpi_call 2 25 "$finish" {0 0 0};
    %end;
    .thread T_2;
# The file index is used to find the file name in the following table.
:file_names 4;
    "N/A";
    "<interactive>";
    "task2_tb.v";
    "task2.v";
