#! /usr/bin/vvp
:ivl_version "11.0 (stable)";
:ivl_delay_selection "TYPICAL";
:vpi_time_precision - 12;
:vpi_module "/usr/lib/x86_64-linux-gnu/ivl/system.vpi";
:vpi_module "/usr/lib/x86_64-linux-gnu/ivl/vhdl_sys.vpi";
:vpi_module "/usr/lib/x86_64-linux-gnu/ivl/vhdl_textio.vpi";
:vpi_module "/usr/lib/x86_64-linux-gnu/ivl/v2005_math.vpi";
:vpi_module "/usr/lib/x86_64-linux-gnu/ivl/va_math.vpi";
S_0x557ab8117200 .scope module, "tb_divider" "tb_divider" 2 3;
 .timescale -9 -12;
v0x557ab81320a0_0 .var "clk", 0 0;
v0x557ab8132160_0 .var "dividend", 7 0;
v0x557ab8132200_0 .var "divisor", 7 0;
v0x557ab8132300_0 .net "quotient", 7 0, v0x557ab8131ac0_0;  1 drivers
v0x557ab81323d0_0 .net "ready", 0 0, v0x557ab8131ba0_0;  1 drivers
v0x557ab8132470_0 .net "remainder", 7 0, v0x557ab8131d40_0;  1 drivers
v0x557ab8132540_0 .var "rst", 0 0;
v0x557ab8132610_0 .var "start", 0 0;
E_0x557ab810ffd0 .event edge, v0x557ab8131ba0_0;
S_0x557ab81173b0 .scope module, "uut" "divider_8bit" 2 16, 3 3 0, S_0x557ab8117200;
 .timescale -9 -12;
    .port_info 0 /INPUT 1 "clk";
    .port_info 1 /INPUT 1 "rst";
    .port_info 2 /INPUT 1 "start";
    .port_info 3 /INPUT 8 "dividend";
    .port_info 4 /INPUT 8 "divisor";
    .port_info 5 /OUTPUT 8 "quotient";
    .port_info 6 /OUTPUT 8 "remainder";
    .port_info 7 /OUTPUT 1 "ready";
v0x557ab80d77b0_0 .var "busy", 0 0;
v0x557ab80d7ba0_0 .net "clk", 0 0, v0x557ab81320a0_0;  1 drivers
v0x557ab8131710_0 .var "count", 3 0;
v0x557ab81317d0_0 .var "div_reg", 7 0;
v0x557ab81318b0_0 .net "dividend", 7 0, v0x557ab8132160_0;  1 drivers
v0x557ab81319e0_0 .net "divisor", 7 0, v0x557ab8132200_0;  1 drivers
v0x557ab8131ac0_0 .var "quotient", 7 0;
v0x557ab8131ba0_0 .var "ready", 0 0;
v0x557ab8131c60_0 .var "rem_reg", 15 0;
v0x557ab8131d40_0 .var "remainder", 7 0;
v0x557ab8131e20_0 .net "rst", 0 0, v0x557ab8132540_0;  1 drivers
v0x557ab8131ee0_0 .net "start", 0 0, v0x557ab8132610_0;  1 drivers
E_0x557ab810f9c0 .event posedge, v0x557ab80d7ba0_0;
    .scope S_0x557ab81173b0;
T_0 ;
    %wait E_0x557ab810f9c0;
    %load/vec4 v0x557ab8131e20_0;
    %flag_set/vec4 8;
    %jmp/0xz  T_0.0, 8;
    %pushi/vec4 0, 0, 8;
    %assign/vec4 v0x557ab8131ac0_0, 0;
    %pushi/vec4 0, 0, 8;
    %assign/vec4 v0x557ab8131d40_0, 0;
    %pushi/vec4 0, 0, 16;
    %assign/vec4 v0x557ab8131c60_0, 0;
    %pushi/vec4 0, 0, 8;
    %assign/vec4 v0x557ab81317d0_0, 0;
    %pushi/vec4 0, 0, 4;
    %assign/vec4 v0x557ab8131710_0, 0;
    %pushi/vec4 0, 0, 1;
    %assign/vec4 v0x557ab8131ba0_0, 0;
    %pushi/vec4 0, 0, 1;
    %assign/vec4 v0x557ab80d77b0_0, 0;
    %jmp T_0.1;
T_0.0 ;
    %load/vec4 v0x557ab8131ee0_0;
    %load/vec4 v0x557ab80d77b0_0;
    %nor/r;
    %and;
    %flag_set/vec4 8;
    %jmp/0xz  T_0.2, 8;
    %pushi/vec4 0, 0, 1;
    %assign/vec4 v0x557ab8131ba0_0, 0;
    %pushi/vec4 1, 0, 1;
    %assign/vec4 v0x557ab80d77b0_0, 0;
    %pushi/vec4 0, 0, 4;
    %assign/vec4 v0x557ab8131710_0, 0;
    %load/vec4 v0x557ab81318b0_0;
    %assign/vec4 v0x557ab8131ac0_0, 0;
    %load/vec4 v0x557ab81319e0_0;
    %assign/vec4 v0x557ab81317d0_0, 0;
    %pushi/vec4 0, 0, 16;
    %assign/vec4 v0x557ab8131c60_0, 0;
    %load/vec4 v0x557ab81319e0_0;
    %pad/u 32;
    %cmpi/e 0, 0, 32;
    %jmp/0xz  T_0.4, 4;
    %pushi/vec4 255, 0, 8;
    %assign/vec4 v0x557ab8131ac0_0, 0;
    %load/vec4 v0x557ab81318b0_0;
    %assign/vec4 v0x557ab8131d40_0, 0;
    %pushi/vec4 1, 0, 1;
    %assign/vec4 v0x557ab8131ba0_0, 0;
    %pushi/vec4 0, 0, 1;
    %assign/vec4 v0x557ab80d77b0_0, 0;
T_0.4 ;
    %jmp T_0.3;
T_0.2 ;
    %load/vec4 v0x557ab80d77b0_0;
    %flag_set/vec4 8;
    %jmp/0xz  T_0.6, 8;
    %load/vec4 v0x557ab8131710_0;
    %pad/u 32;
    %cmpi/u 8, 0, 32;
    %jmp/0xz  T_0.8, 5;
    %load/vec4 v0x557ab8131c60_0;
    %parti/s 15, 0, 2;
    %load/vec4 v0x557ab8131ac0_0;
    %parti/s 1, 7, 4;
    %concat/vec4; draw_concat_vec4
    %store/vec4 v0x557ab8131c60_0, 0, 16;
    %load/vec4 v0x557ab8131ac0_0;
    %parti/s 7, 0, 2;
    %concati/vec4 0, 0, 1;
    %store/vec4 v0x557ab8131ac0_0, 0, 8;
    %load/vec4 v0x557ab8131c60_0;
    %pushi/vec4 0, 0, 8;
    %load/vec4 v0x557ab81317d0_0;
    %concat/vec4; draw_concat_vec4
    %sub;
    %store/vec4 v0x557ab8131c60_0, 0, 16;
    %load/vec4 v0x557ab8131c60_0;
    %parti/s 1, 15, 5;
    %pad/u 32;
    %cmpi/e 1, 0, 32;
    %jmp/0xz  T_0.10, 4;
    %load/vec4 v0x557ab8131c60_0;
    %pushi/vec4 0, 0, 8;
    %load/vec4 v0x557ab81317d0_0;
    %concat/vec4; draw_concat_vec4
    %add;
    %store/vec4 v0x557ab8131c60_0, 0, 16;
    %pushi/vec4 0, 0, 1;
    %ix/load 4, 0, 0;
    %flag_set/imm 4, 0;
    %store/vec4 v0x557ab8131ac0_0, 4, 1;
    %jmp T_0.11;
T_0.10 ;
    %pushi/vec4 1, 0, 1;
    %ix/load 4, 0, 0;
    %flag_set/imm 4, 0;
    %store/vec4 v0x557ab8131ac0_0, 4, 1;
T_0.11 ;
    %load/vec4 v0x557ab8131710_0;
    %addi 1, 0, 4;
    %assign/vec4 v0x557ab8131710_0, 0;
    %jmp T_0.9;
T_0.8 ;
    %load/vec4 v0x557ab8131c60_0;
    %parti/s 8, 0, 2;
    %assign/vec4 v0x557ab8131d40_0, 0;
    %pushi/vec4 1, 0, 1;
    %assign/vec4 v0x557ab8131ba0_0, 0;
    %pushi/vec4 0, 0, 1;
    %assign/vec4 v0x557ab80d77b0_0, 0;
T_0.9 ;
T_0.6 ;
T_0.3 ;
T_0.1 ;
    %jmp T_0;
    .thread T_0;
    .scope S_0x557ab8117200;
T_1 ;
    %delay 5000, 0;
    %load/vec4 v0x557ab81320a0_0;
    %inv;
    %store/vec4 v0x557ab81320a0_0, 0, 1;
    %jmp T_1;
    .thread T_1;
    .scope S_0x557ab8117200;
T_2 ;
    %vpi_call 2 31 "$dumpfile", "divider.vcd" {0 0 0};
    %vpi_call 2 32 "$dumpvars", 32'sb00000000000000000000000000000000, S_0x557ab8117200 {0 0 0};
    %pushi/vec4 0, 0, 1;
    %store/vec4 v0x557ab81320a0_0, 0, 1;
    %pushi/vec4 1, 0, 1;
    %store/vec4 v0x557ab8132540_0, 0, 1;
    %pushi/vec4 0, 0, 1;
    %store/vec4 v0x557ab8132610_0, 0, 1;
    %pushi/vec4 0, 0, 8;
    %store/vec4 v0x557ab8132160_0, 0, 8;
    %pushi/vec4 0, 0, 8;
    %store/vec4 v0x557ab8132200_0, 0, 8;
    %delay 20000, 0;
    %pushi/vec4 0, 0, 1;
    %store/vec4 v0x557ab8132540_0, 0, 1;
    %delay 10000, 0;
    %pushi/vec4 100, 0, 8;
    %store/vec4 v0x557ab8132160_0, 0, 8;
    %pushi/vec4 7, 0, 8;
    %store/vec4 v0x557ab8132200_0, 0, 8;
    %pushi/vec4 1, 0, 1;
    %store/vec4 v0x557ab8132610_0, 0, 1;
    %delay 10000, 0;
    %pushi/vec4 0, 0, 1;
    %store/vec4 v0x557ab8132610_0, 0, 1;
T_2.0 ;
    %load/vec4 v0x557ab81323d0_0;
    %cmpi/ne 1, 0, 1;
    %jmp/0xz T_2.1, 6;
    %wait E_0x557ab810ffd0;
    %jmp T_2.0;
T_2.1 ;
    %delay 10000, 0;
    %pushi/vec4 55, 0, 8;
    %store/vec4 v0x557ab8132160_0, 0, 8;
    %pushi/vec4 5, 0, 8;
    %store/vec4 v0x557ab8132200_0, 0, 8;
    %pushi/vec4 1, 0, 1;
    %store/vec4 v0x557ab8132610_0, 0, 1;
    %delay 10000, 0;
    %pushi/vec4 0, 0, 1;
    %store/vec4 v0x557ab8132610_0, 0, 1;
T_2.2 ;
    %load/vec4 v0x557ab81323d0_0;
    %cmpi/ne 1, 0, 1;
    %jmp/0xz T_2.3, 6;
    %wait E_0x557ab810ffd0;
    %jmp T_2.2;
T_2.3 ;
    %delay 10000, 0;
    %pushi/vec4 25, 0, 8;
    %store/vec4 v0x557ab8132160_0, 0, 8;
    %pushi/vec4 0, 0, 8;
    %store/vec4 v0x557ab8132200_0, 0, 8;
    %pushi/vec4 1, 0, 1;
    %store/vec4 v0x557ab8132610_0, 0, 1;
    %delay 10000, 0;
    %pushi/vec4 0, 0, 1;
    %store/vec4 v0x557ab8132610_0, 0, 1;
T_2.4 ;
    %load/vec4 v0x557ab81323d0_0;
    %cmpi/ne 1, 0, 1;
    %jmp/0xz T_2.5, 6;
    %wait E_0x557ab810ffd0;
    %jmp T_2.4;
T_2.5 ;
    %delay 20000, 0;
    %vpi_call 2 74 "$finish" {0 0 0};
    %end;
    .thread T_2;
# The file index is used to find the file name in the following table.
:file_names 4;
    "N/A";
    "<interactive>";
    "task_tb.v";
    "task.v";
