#! /usr/bin/vvp
:ivl_version "11.0 (stable)";
:ivl_delay_selection "TYPICAL";
:vpi_time_precision + 0;
:vpi_module "/usr/lib/x86_64-linux-gnu/ivl/system.vpi";
:vpi_module "/usr/lib/x86_64-linux-gnu/ivl/vhdl_sys.vpi";
:vpi_module "/usr/lib/x86_64-linux-gnu/ivl/vhdl_textio.vpi";
:vpi_module "/usr/lib/x86_64-linux-gnu/ivl/v2005_math.vpi";
:vpi_module "/usr/lib/x86_64-linux-gnu/ivl/va_math.vpi";
S_0x5f022e002d90 .scope module, "tb_mul8s_behav" "tb_mul8s_behav" 2 1;
 .timescale 0 0;
v0x5f022e04e9e0_0 .var/s "a", 7 0;
v0x5f022e04eaa0_0 .var/s "b", 7 0;
v0x5f022e04eb70_0 .net/s "y", 15 0, L_0x5f022e04ee80;  1 drivers
S_0x5f022e002f20 .scope module, "DUT" "mul8s_behav" 2 6, 3 1 0, S_0x5f022e002d90;
 .timescale 0 0;
    .port_info 0 /INPUT 8 "a";
    .port_info 1 /INPUT 8 "b";
    .port_info 2 /OUTPUT 16 "y";
v0x5f022e03de10_0 .net/s *"_ivl_0", 15 0, L_0x5f022e04ec70;  1 drivers
v0x5f022e04e5b0_0 .net/s *"_ivl_2", 15 0, L_0x5f022e04ed90;  1 drivers
v0x5f022e04e690_0 .net/s "a", 7 0, v0x5f022e04e9e0_0;  1 drivers
v0x5f022e04e750_0 .net/s "b", 7 0, v0x5f022e04eaa0_0;  1 drivers
v0x5f022e04e830_0 .net/s "y", 15 0, L_0x5f022e04ee80;  alias, 1 drivers
L_0x5f022e04ec70 .extend/s 16, v0x5f022e04e9e0_0;
L_0x5f022e04ed90 .extend/s 16, v0x5f022e04eaa0_0;
L_0x5f022e04ee80 .arith/mult 16, L_0x5f022e04ec70, L_0x5f022e04ed90;
    .scope S_0x5f022e002d90;
T_0 ;
    %pushi/vec4 0, 0, 8;
    %store/vec4 v0x5f022e04e9e0_0, 0, 8;
    %pushi/vec4 0, 0, 8;
    %store/vec4 v0x5f022e04eaa0_0, 0, 8;
    %delay 10, 0;
    %pushi/vec4 128, 0, 8;
    %store/vec4 v0x5f022e04e9e0_0, 0, 8;
    %pushi/vec4 1, 0, 8;
    %store/vec4 v0x5f022e04eaa0_0, 0, 8;
    %delay 10, 0;
    %pushi/vec4 128, 0, 8;
    %store/vec4 v0x5f022e04e9e0_0, 0, 8;
    %pushi/vec4 255, 0, 8;
    %store/vec4 v0x5f022e04eaa0_0, 0, 8;
    %delay 10, 0;
    %pushi/vec4 127, 0, 8;
    %store/vec4 v0x5f022e04e9e0_0, 0, 8;
    %pushi/vec4 127, 0, 8;
    %store/vec4 v0x5f022e04eaa0_0, 0, 8;
    %delay 10, 0;
    %pushi/vec4 251, 0, 8;
    %store/vec4 v0x5f022e04e9e0_0, 0, 8;
    %pushi/vec4 7, 0, 8;
    %store/vec4 v0x5f022e04eaa0_0, 0, 8;
    %delay 10, 0;
    %pushi/vec4 10, 0, 8;
    %store/vec4 v0x5f022e04e9e0_0, 0, 8;
    %pushi/vec4 253, 0, 8;
    %store/vec4 v0x5f022e04eaa0_0, 0, 8;
    %delay 10, 0;
    %vpi_call 2 19 "$finish" {0 0 0};
    %end;
    .thread T_0;
# The file index is used to find the file name in the following table.
:file_names 4;
    "N/A";
    "<interactive>";
    "HOME_TASKS/task1_tb.v";
    "HOME_TASKS/task1.v";
