#! /usr/bin/vvp
:ivl_version "11.0 (stable)";
:ivl_delay_selection "TYPICAL";
:vpi_time_precision + 0;
:vpi_module "/usr/lib/x86_64-linux-gnu/ivl/system.vpi";
:vpi_module "/usr/lib/x86_64-linux-gnu/ivl/vhdl_sys.vpi";
:vpi_module "/usr/lib/x86_64-linux-gnu/ivl/vhdl_textio.vpi";
:vpi_module "/usr/lib/x86_64-linux-gnu/ivl/v2005_math.vpi";
:vpi_module "/usr/lib/x86_64-linux-gnu/ivl/va_math.vpi";
S_0x64c3084b3580 .scope module, "tb_mul8s_fast" "tb_mul8s_fast" 2 1;
 .timescale 0 0;
v0x64c3084da390_0 .var/s "a", 7 0;
v0x64c3084da450_0 .var/s "b", 7 0;
v0x64c3084da4f0_0 .net/s "y", 15 0, L_0x64c3084ef2f0;  1 drivers
S_0x64c3084b2f50 .scope module, "DUT" "mul8s_fast" 2 6, 3 1 0, S_0x64c3084b3580;
 .timescale 0 0;
    .port_info 0 /INPUT 8 "a";
    .port_info 1 /INPUT 8 "b";
    .port_info 2 /OUTPUT 16 "y";
v0x64c3084d9920_0 .net/s *"_ivl_18", 15 0, L_0x64c3084eea00;  1 drivers
v0x64c3084d9a20_0 .net/s *"_ivl_21", 15 0, L_0x64c3084eeb40;  1 drivers
v0x64c3084d9b00_0 .net/s *"_ivl_24", 15 0, L_0x64c3084eed20;  1 drivers
v0x64c3084d9bc0_0 .net/s *"_ivl_27", 15 0, L_0x64c3084eee60;  1 drivers
v0x64c3084d9ca0_0 .net/s *"_ivl_30", 15 0, L_0x64c3084eec80;  1 drivers
v0x64c3084d9dd0_0 .net/s *"_ivl_33", 15 0, L_0x64c3084ef0f0;  1 drivers
v0x64c3084d9eb0_0 .net/s "a", 7 0, v0x64c3084da390_0;  1 drivers
v0x64c3084d9f90_0 .net/s "b", 7 0, v0x64c3084da450_0;  1 drivers
v0x64c3084da070 .array "pp", 0 7;
v0x64c3084da070_0 .net/s v0x64c3084da070 0, 15 0, L_0x64c3084ea960; 1 drivers
v0x64c3084da070_1 .net/s v0x64c3084da070 1, 15 0, L_0x64c3084eb140; 1 drivers
v0x64c3084da070_2 .net/s v0x64c3084da070 2, 15 0, L_0x64c3084eba60; 1 drivers
v0x64c3084da070_3 .net/s v0x64c3084da070 3, 15 0, L_0x64c3084ec3e0; 1 drivers
v0x64c3084da070_4 .net/s v0x64c3084da070 4, 15 0, L_0x64c3084ecc40; 1 drivers
v0x64c3084da070_5 .net/s v0x64c3084da070 5, 15 0, L_0x64c3084ed4b0; 1 drivers
v0x64c3084da070_6 .net/s v0x64c3084da070 6, 15 0, L_0x64c3084ede90; 1 drivers
v0x64c3084da070_7 .net/s v0x64c3084da070 7, 15 0, L_0x64c3084ee870; 1 drivers
v0x64c3084da230_0 .net/s "y", 15 0, L_0x64c3084ef2f0;  alias, 1 drivers
L_0x64c3084da590 .part v0x64c3084da450_0, 0, 1;
L_0x64c3084da680 .part v0x64c3084da390_0, 7, 1;
L_0x64c3084eab20 .part v0x64c3084da450_0, 1, 1;
L_0x64c3084eabc0 .part v0x64c3084da390_0, 7, 1;
L_0x64c3084eb300 .part v0x64c3084da450_0, 2, 1;
L_0x64c3084eb3a0 .part v0x64c3084da390_0, 7, 1;
L_0x64c3084ebbf0 .part v0x64c3084da450_0, 3, 1;
L_0x64c3084ebc90 .part v0x64c3084da390_0, 7, 1;
L_0x64c3084ec570 .part v0x64c3084da450_0, 4, 1;
L_0x64c3084ec610 .part v0x64c3084da390_0, 7, 1;
L_0x64c3084ecd80 .part v0x64c3084da450_0, 5, 1;
L_0x64c3084ece20 .part v0x64c3084da390_0, 7, 1;
L_0x64c3084ed640 .part v0x64c3084da450_0, 6, 1;
L_0x64c3084ed7f0 .part v0x64c3084da390_0, 7, 1;
L_0x64c3084ee020 .part v0x64c3084da450_0, 7, 1;
L_0x64c3084ee0c0 .part v0x64c3084da390_0, 7, 1;
L_0x64c3084eea00 .arith/sum 16, L_0x64c3084ea960, L_0x64c3084eb140;
L_0x64c3084eeb40 .arith/sum 16, L_0x64c3084eea00, L_0x64c3084eba60;
L_0x64c3084eed20 .arith/sum 16, L_0x64c3084eeb40, L_0x64c3084ec3e0;
L_0x64c3084eee60 .arith/sum 16, L_0x64c3084eed20, L_0x64c3084ecc40;
L_0x64c3084eec80 .arith/sum 16, L_0x64c3084eee60, L_0x64c3084ed4b0;
L_0x64c3084ef0f0 .arith/sum 16, L_0x64c3084eec80, L_0x64c3084ede90;
L_0x64c3084ef2f0 .arith/sum 16, L_0x64c3084ef0f0, L_0x64c3084ee870;
S_0x64c3084af640 .scope generate, "PARTIALS[0]" "PARTIALS[0]" 3 11, 3 11 0, S_0x64c3084b2f50;
 .timescale 0 0;
P_0x64c3084a3160 .param/l "i" 0 3 11, +C4<00>;
v0x64c3084b2d30_0 .net *"_ivl_1", 0 0, L_0x64c3084da590;  1 drivers
v0x64c3084d4ed0_0 .net *"_ivl_2", 0 0, L_0x64c3084da680;  1 drivers
v0x64c3084d4fb0_0 .net *"_ivl_3", 7 0, L_0x64c3084da770;  1 drivers
v0x64c3084d5070_0 .net *"_ivl_5", 15 0, L_0x64c3084da8b0;  1 drivers
L_0x7329589b7018 .functor BUFT 1, C4<0000000000000000>, C4<0>, C4<0>, C4<0>;
v0x64c3084d5150_0 .net/2u *"_ivl_7", 15 0, L_0x7329589b7018;  1 drivers
LS_0x64c3084da770_0_0 .concat [ 1 1 1 1], L_0x64c3084da680, L_0x64c3084da680, L_0x64c3084da680, L_0x64c3084da680;
LS_0x64c3084da770_0_4 .concat [ 1 1 1 1], L_0x64c3084da680, L_0x64c3084da680, L_0x64c3084da680, L_0x64c3084da680;
L_0x64c3084da770 .concat [ 4 4 0 0], LS_0x64c3084da770_0_0, LS_0x64c3084da770_0_4;
L_0x64c3084da8b0 .concat [ 8 8 0 0], v0x64c3084da390_0, L_0x64c3084da770;
L_0x64c3084ea960 .functor MUXZ 16, L_0x7329589b7018, L_0x64c3084da8b0, L_0x64c3084da590, C4<>;
S_0x64c3084d5280 .scope generate, "PARTIALS[1]" "PARTIALS[1]" 3 11, 3 11 0, S_0x64c3084b2f50;
 .timescale 0 0;
P_0x64c3084d54a0 .param/l "i" 0 3 11, +C4<01>;
v0x64c3084d5560_0 .net *"_ivl_1", 0 0, L_0x64c3084eab20;  1 drivers
L_0x7329589b7060 .functor BUFT 1, C4<0>, C4<0>, C4<0>, C4<0>;
v0x64c3084d5640_0 .net *"_ivl_11", 0 0, L_0x7329589b7060;  1 drivers
L_0x7329589b70a8 .functor BUFT 1, C4<0000000000000000>, C4<0>, C4<0>, C4<0>;
v0x64c3084d5720_0 .net/2u *"_ivl_13", 15 0, L_0x7329589b70a8;  1 drivers
v0x64c3084d57e0_0 .net *"_ivl_2", 0 0, L_0x64c3084eabc0;  1 drivers
v0x64c3084d58c0_0 .net *"_ivl_3", 7 0, L_0x64c3084eac90;  1 drivers
v0x64c3084d59f0_0 .net *"_ivl_5", 15 0, L_0x64c3084eae10;  1 drivers
v0x64c3084d5ad0_0 .net *"_ivl_7", 15 0, L_0x64c3084eafa0;  1 drivers
v0x64c3084d5bb0_0 .net *"_ivl_9", 14 0, L_0x64c3084eaeb0;  1 drivers
LS_0x64c3084eac90_0_0 .concat [ 1 1 1 1], L_0x64c3084eabc0, L_0x64c3084eabc0, L_0x64c3084eabc0, L_0x64c3084eabc0;
LS_0x64c3084eac90_0_4 .concat [ 1 1 1 1], L_0x64c3084eabc0, L_0x64c3084eabc0, L_0x64c3084eabc0, L_0x64c3084eabc0;
L_0x64c3084eac90 .concat [ 4 4 0 0], LS_0x64c3084eac90_0_0, LS_0x64c3084eac90_0_4;
L_0x64c3084eae10 .concat [ 8 8 0 0], v0x64c3084da390_0, L_0x64c3084eac90;
L_0x64c3084eaeb0 .part L_0x64c3084eae10, 0, 15;
L_0x64c3084eafa0 .concat [ 1 15 0 0], L_0x7329589b7060, L_0x64c3084eaeb0;
L_0x64c3084eb140 .functor MUXZ 16, L_0x7329589b70a8, L_0x64c3084eafa0, L_0x64c3084eab20, C4<>;
S_0x64c3084d5c90 .scope generate, "PARTIALS[2]" "PARTIALS[2]" 3 11, 3 11 0, S_0x64c3084b2f50;
 .timescale 0 0;
P_0x64c3084d5e90 .param/l "i" 0 3 11, +C4<010>;
v0x64c3084d5f50_0 .net *"_ivl_1", 0 0, L_0x64c3084eb300;  1 drivers
L_0x7329589b70f0 .functor BUFT 1, C4<00>, C4<0>, C4<0>, C4<0>;
v0x64c3084d6030_0 .net *"_ivl_11", 1 0, L_0x7329589b70f0;  1 drivers
L_0x7329589b7138 .functor BUFT 1, C4<0000000000000000>, C4<0>, C4<0>, C4<0>;
v0x64c3084d6110_0 .net/2u *"_ivl_13", 15 0, L_0x7329589b7138;  1 drivers
v0x64c3084d61d0_0 .net *"_ivl_2", 0 0, L_0x64c3084eb3a0;  1 drivers
v0x64c3084d62b0_0 .net *"_ivl_3", 7 0, L_0x64c3084eb480;  1 drivers
v0x64c3084d63e0_0 .net *"_ivl_5", 15 0, L_0x64c3084eb710;  1 drivers
v0x64c3084d64c0_0 .net *"_ivl_7", 15 0, L_0x64c3084eb8a0;  1 drivers
v0x64c3084d65a0_0 .net *"_ivl_9", 13 0, L_0x64c3084eb7b0;  1 drivers
LS_0x64c3084eb480_0_0 .concat [ 1 1 1 1], L_0x64c3084eb3a0, L_0x64c3084eb3a0, L_0x64c3084eb3a0, L_0x64c3084eb3a0;
LS_0x64c3084eb480_0_4 .concat [ 1 1 1 1], L_0x64c3084eb3a0, L_0x64c3084eb3a0, L_0x64c3084eb3a0, L_0x64c3084eb3a0;
L_0x64c3084eb480 .concat [ 4 4 0 0], LS_0x64c3084eb480_0_0, LS_0x64c3084eb480_0_4;
L_0x64c3084eb710 .concat [ 8 8 0 0], v0x64c3084da390_0, L_0x64c3084eb480;
L_0x64c3084eb7b0 .part L_0x64c3084eb710, 0, 14;
L_0x64c3084eb8a0 .concat [ 2 14 0 0], L_0x7329589b70f0, L_0x64c3084eb7b0;
L_0x64c3084eba60 .functor MUXZ 16, L_0x7329589b7138, L_0x64c3084eb8a0, L_0x64c3084eb300, C4<>;
S_0x64c3084d6680 .scope generate, "PARTIALS[3]" "PARTIALS[3]" 3 11, 3 11 0, S_0x64c3084b2f50;
 .timescale 0 0;
P_0x64c3084d6880 .param/l "i" 0 3 11, +C4<011>;
v0x64c3084d6960_0 .net *"_ivl_1", 0 0, L_0x64c3084ebbf0;  1 drivers
L_0x7329589b7180 .functor BUFT 1, C4<000>, C4<0>, C4<0>, C4<0>;
v0x64c3084d6a40_0 .net *"_ivl_11", 2 0, L_0x7329589b7180;  1 drivers
L_0x7329589b71c8 .functor BUFT 1, C4<0000000000000000>, C4<0>, C4<0>, C4<0>;
v0x64c3084d6b20_0 .net/2u *"_ivl_13", 15 0, L_0x7329589b71c8;  1 drivers
v0x64c3084d6be0_0 .net *"_ivl_2", 0 0, L_0x64c3084ebc90;  1 drivers
v0x64c3084d6cc0_0 .net *"_ivl_3", 7 0, L_0x64c3084ebe90;  1 drivers
v0x64c3084d6df0_0 .net *"_ivl_5", 15 0, L_0x64c3084ec0e0;  1 drivers
v0x64c3084d6ed0_0 .net *"_ivl_7", 15 0, L_0x64c3084ec270;  1 drivers
v0x64c3084d6fb0_0 .net *"_ivl_9", 12 0, L_0x64c3084ec180;  1 drivers
LS_0x64c3084ebe90_0_0 .concat [ 1 1 1 1], L_0x64c3084ebc90, L_0x64c3084ebc90, L_0x64c3084ebc90, L_0x64c3084ebc90;
LS_0x64c3084ebe90_0_4 .concat [ 1 1 1 1], L_0x64c3084ebc90, L_0x64c3084ebc90, L_0x64c3084ebc90, L_0x64c3084ebc90;
L_0x64c3084ebe90 .concat [ 4 4 0 0], LS_0x64c3084ebe90_0_0, LS_0x64c3084ebe90_0_4;
L_0x64c3084ec0e0 .concat [ 8 8 0 0], v0x64c3084da390_0, L_0x64c3084ebe90;
L_0x64c3084ec180 .part L_0x64c3084ec0e0, 0, 13;
L_0x64c3084ec270 .concat [ 3 13 0 0], L_0x7329589b7180, L_0x64c3084ec180;
L_0x64c3084ec3e0 .functor MUXZ 16, L_0x7329589b71c8, L_0x64c3084ec270, L_0x64c3084ebbf0, C4<>;
S_0x64c3084d7090 .scope generate, "PARTIALS[4]" "PARTIALS[4]" 3 11, 3 11 0, S_0x64c3084b2f50;
 .timescale 0 0;
P_0x64c3084d72e0 .param/l "i" 0 3 11, +C4<0100>;
v0x64c3084d73c0_0 .net *"_ivl_1", 0 0, L_0x64c3084ec570;  1 drivers
L_0x7329589b7210 .functor BUFT 1, C4<0000>, C4<0>, C4<0>, C4<0>;
v0x64c3084d74a0_0 .net *"_ivl_11", 3 0, L_0x7329589b7210;  1 drivers
L_0x7329589b7258 .functor BUFT 1, C4<0000000000000000>, C4<0>, C4<0>, C4<0>;
v0x64c3084d7580_0 .net/2u *"_ivl_13", 15 0, L_0x7329589b7258;  1 drivers
v0x64c3084d7640_0 .net *"_ivl_2", 0 0, L_0x64c3084ec610;  1 drivers
v0x64c3084d7720_0 .net *"_ivl_3", 7 0, L_0x64c3084ec710;  1 drivers
v0x64c3084d7850_0 .net *"_ivl_5", 15 0, L_0x64c3084ec910;  1 drivers
v0x64c3084d7930_0 .net *"_ivl_7", 15 0, L_0x64c3084ecaa0;  1 drivers
v0x64c3084d7a10_0 .net *"_ivl_9", 11 0, L_0x64c3084ec9b0;  1 drivers
LS_0x64c3084ec710_0_0 .concat [ 1 1 1 1], L_0x64c3084ec610, L_0x64c3084ec610, L_0x64c3084ec610, L_0x64c3084ec610;
LS_0x64c3084ec710_0_4 .concat [ 1 1 1 1], L_0x64c3084ec610, L_0x64c3084ec610, L_0x64c3084ec610, L_0x64c3084ec610;
L_0x64c3084ec710 .concat [ 4 4 0 0], LS_0x64c3084ec710_0_0, LS_0x64c3084ec710_0_4;
L_0x64c3084ec910 .concat [ 8 8 0 0], v0x64c3084da390_0, L_0x64c3084ec710;
L_0x64c3084ec9b0 .part L_0x64c3084ec910, 0, 12;
L_0x64c3084ecaa0 .concat [ 4 12 0 0], L_0x7329589b7210, L_0x64c3084ec9b0;
L_0x64c3084ecc40 .functor MUXZ 16, L_0x7329589b7258, L_0x64c3084ecaa0, L_0x64c3084ec570, C4<>;
S_0x64c3084d7af0 .scope generate, "PARTIALS[5]" "PARTIALS[5]" 3 11, 3 11 0, S_0x64c3084b2f50;
 .timescale 0 0;
P_0x64c3084d7cf0 .param/l "i" 0 3 11, +C4<0101>;
v0x64c3084d7dd0_0 .net *"_ivl_1", 0 0, L_0x64c3084ecd80;  1 drivers
L_0x7329589b72a0 .functor BUFT 1, C4<00000>, C4<0>, C4<0>, C4<0>;
v0x64c3084d7eb0_0 .net *"_ivl_11", 4 0, L_0x7329589b72a0;  1 drivers
L_0x7329589b72e8 .functor BUFT 1, C4<0000000000000000>, C4<0>, C4<0>, C4<0>;
v0x64c3084d7f90_0 .net/2u *"_ivl_13", 15 0, L_0x7329589b72e8;  1 drivers
v0x64c3084d8050_0 .net *"_ivl_2", 0 0, L_0x64c3084ece20;  1 drivers
v0x64c3084d8130_0 .net *"_ivl_3", 7 0, L_0x64c3084ecf30;  1 drivers
v0x64c3084d8260_0 .net *"_ivl_5", 15 0, L_0x64c3084ed180;  1 drivers
v0x64c3084d8340_0 .net *"_ivl_7", 15 0, L_0x64c3084ed310;  1 drivers
v0x64c3084d8420_0 .net *"_ivl_9", 10 0, L_0x64c3084ed220;  1 drivers
LS_0x64c3084ecf30_0_0 .concat [ 1 1 1 1], L_0x64c3084ece20, L_0x64c3084ece20, L_0x64c3084ece20, L_0x64c3084ece20;
LS_0x64c3084ecf30_0_4 .concat [ 1 1 1 1], L_0x64c3084ece20, L_0x64c3084ece20, L_0x64c3084ece20, L_0x64c3084ece20;
L_0x64c3084ecf30 .concat [ 4 4 0 0], LS_0x64c3084ecf30_0_0, LS_0x64c3084ecf30_0_4;
L_0x64c3084ed180 .concat [ 8 8 0 0], v0x64c3084da390_0, L_0x64c3084ecf30;
L_0x64c3084ed220 .part L_0x64c3084ed180, 0, 11;
L_0x64c3084ed310 .concat [ 5 11 0 0], L_0x7329589b72a0, L_0x64c3084ed220;
L_0x64c3084ed4b0 .functor MUXZ 16, L_0x7329589b72e8, L_0x64c3084ed310, L_0x64c3084ecd80, C4<>;
S_0x64c3084d8500 .scope generate, "PARTIALS[6]" "PARTIALS[6]" 3 11, 3 11 0, S_0x64c3084b2f50;
 .timescale 0 0;
P_0x64c3084d8700 .param/l "i" 0 3 11, +C4<0110>;
v0x64c3084d87e0_0 .net *"_ivl_1", 0 0, L_0x64c3084ed640;  1 drivers
L_0x7329589b7330 .functor BUFT 1, C4<000000>, C4<0>, C4<0>, C4<0>;
v0x64c3084d88c0_0 .net *"_ivl_11", 5 0, L_0x7329589b7330;  1 drivers
L_0x7329589b7378 .functor BUFT 1, C4<0000000000000000>, C4<0>, C4<0>, C4<0>;
v0x64c3084d89a0_0 .net/2u *"_ivl_13", 15 0, L_0x7329589b7378;  1 drivers
v0x64c3084d8a60_0 .net *"_ivl_2", 0 0, L_0x64c3084ed7f0;  1 drivers
v0x64c3084d8b40_0 .net *"_ivl_3", 7 0, L_0x64c3084ed910;  1 drivers
v0x64c3084d8c70_0 .net *"_ivl_5", 15 0, L_0x64c3084edb60;  1 drivers
v0x64c3084d8d50_0 .net *"_ivl_7", 15 0, L_0x64c3084edcf0;  1 drivers
v0x64c3084d8e30_0 .net *"_ivl_9", 9 0, L_0x64c3084edc00;  1 drivers
LS_0x64c3084ed910_0_0 .concat [ 1 1 1 1], L_0x64c3084ed7f0, L_0x64c3084ed7f0, L_0x64c3084ed7f0, L_0x64c3084ed7f0;
LS_0x64c3084ed910_0_4 .concat [ 1 1 1 1], L_0x64c3084ed7f0, L_0x64c3084ed7f0, L_0x64c3084ed7f0, L_0x64c3084ed7f0;
L_0x64c3084ed910 .concat [ 4 4 0 0], LS_0x64c3084ed910_0_0, LS_0x64c3084ed910_0_4;
L_0x64c3084edb60 .concat [ 8 8 0 0], v0x64c3084da390_0, L_0x64c3084ed910;
L_0x64c3084edc00 .part L_0x64c3084edb60, 0, 10;
L_0x64c3084edcf0 .concat [ 6 10 0 0], L_0x7329589b7330, L_0x64c3084edc00;
L_0x64c3084ede90 .functor MUXZ 16, L_0x7329589b7378, L_0x64c3084edcf0, L_0x64c3084ed640, C4<>;
S_0x64c3084d8f10 .scope generate, "PARTIALS[7]" "PARTIALS[7]" 3 11, 3 11 0, S_0x64c3084b2f50;
 .timescale 0 0;
P_0x64c3084d9110 .param/l "i" 0 3 11, +C4<0111>;
v0x64c3084d91f0_0 .net *"_ivl_1", 0 0, L_0x64c3084ee020;  1 drivers
L_0x7329589b73c0 .functor BUFT 1, C4<0000000>, C4<0>, C4<0>, C4<0>;
v0x64c3084d92d0_0 .net *"_ivl_11", 6 0, L_0x7329589b73c0;  1 drivers
L_0x7329589b7408 .functor BUFT 1, C4<0000000000000000>, C4<0>, C4<0>, C4<0>;
v0x64c3084d93b0_0 .net/2u *"_ivl_13", 15 0, L_0x7329589b7408;  1 drivers
v0x64c3084d9470_0 .net *"_ivl_2", 0 0, L_0x64c3084ee0c0;  1 drivers
v0x64c3084d9550_0 .net *"_ivl_3", 7 0, L_0x64c3084ee400;  1 drivers
v0x64c3084d9680_0 .net *"_ivl_5", 15 0, L_0x64c3084ee540;  1 drivers
v0x64c3084d9760_0 .net *"_ivl_7", 15 0, L_0x64c3084ee6d0;  1 drivers
v0x64c3084d9840_0 .net *"_ivl_9", 8 0, L_0x64c3084ee5e0;  1 drivers
LS_0x64c3084ee400_0_0 .concat [ 1 1 1 1], L_0x64c3084ee0c0, L_0x64c3084ee0c0, L_0x64c3084ee0c0, L_0x64c3084ee0c0;
LS_0x64c3084ee400_0_4 .concat [ 1 1 1 1], L_0x64c3084ee0c0, L_0x64c3084ee0c0, L_0x64c3084ee0c0, L_0x64c3084ee0c0;
L_0x64c3084ee400 .concat [ 4 4 0 0], LS_0x64c3084ee400_0_0, LS_0x64c3084ee400_0_4;
L_0x64c3084ee540 .concat [ 8 8 0 0], v0x64c3084da390_0, L_0x64c3084ee400;
L_0x64c3084ee5e0 .part L_0x64c3084ee540, 0, 9;
L_0x64c3084ee6d0 .concat [ 7 9 0 0], L_0x7329589b73c0, L_0x64c3084ee5e0;
L_0x64c3084ee870 .functor MUXZ 16, L_0x7329589b7408, L_0x64c3084ee6d0, L_0x64c3084ee020, C4<>;
    .scope S_0x64c3084b3580;
T_0 ;
    %vpi_call 2 9 "$dumpfile", "task3_tb.vcd" {0 0 0};
    %vpi_call 2 10 "$dumpvars", 32'sb00000000000000000000000000000000, S_0x64c3084b3580 {0 0 0};
    %pushi/vec4 128, 0, 8;
    %store/vec4 v0x64c3084da390_0, 0, 8;
    %pushi/vec4 1, 0, 8;
    %store/vec4 v0x64c3084da450_0, 0, 8;
    %delay 10, 0;
    %pushi/vec4 128, 0, 8;
    %store/vec4 v0x64c3084da390_0, 0, 8;
    %pushi/vec4 255, 0, 8;
    %store/vec4 v0x64c3084da450_0, 0, 8;
    %delay 10, 0;
    %pushi/vec4 127, 0, 8;
    %store/vec4 v0x64c3084da390_0, 0, 8;
    %pushi/vec4 127, 0, 8;
    %store/vec4 v0x64c3084da450_0, 0, 8;
    %delay 10, 0;
    %pushi/vec4 249, 0, 8;
    %store/vec4 v0x64c3084da390_0, 0, 8;
    %pushi/vec4 9, 0, 8;
    %store/vec4 v0x64c3084da450_0, 0, 8;
    %delay 10, 0;
    %pushi/vec4 12, 0, 8;
    %store/vec4 v0x64c3084da390_0, 0, 8;
    %pushi/vec4 252, 0, 8;
    %store/vec4 v0x64c3084da450_0, 0, 8;
    %delay 10, 0;
    %pushi/vec4 10, 0, 32;
T_0.0 %dup/vec4;
    %pushi/vec4 0, 0, 32;
    %cmp/s;
    %jmp/1xz T_0.1, 5;
    %jmp/1 T_0.1, 4;
    %pushi/vec4 1, 0, 32;
    %sub;
    %vpi_func 2 23 "$random" 32 {0 0 0};
    %pad/s 8;
    %store/vec4 v0x64c3084da390_0, 0, 8;
    %vpi_func 2 24 "$random" 32 {0 0 0};
    %pad/s 8;
    %store/vec4 v0x64c3084da450_0, 0, 8;
    %delay 5, 0;
    %load/vec4 v0x64c3084da4f0_0;
    %load/vec4 v0x64c3084da390_0;
    %pad/s 16;
    %load/vec4 v0x64c3084da450_0;
    %pad/s 16;
    %mul;
    %cmp/ne;
    %jmp/0xz  T_0.2, 6;
    %load/vec4 v0x64c3084da390_0;
    %load/vec4 v0x64c3084da450_0;
    %mul;
    %vpi_call 2 27 "$display", "ERROR: a=%d b=%d y=%d exp=%d", v0x64c3084da390_0, v0x64c3084da450_0, v0x64c3084da4f0_0, S<0,vec4,s8> {1 0 0};
T_0.2 ;
    %delay 5, 0;
    %jmp T_0.0;
T_0.1 ;
    %pop/vec4 1;
    %vpi_call 2 31 "$finish" {0 0 0};
    %end;
    .thread T_0;
# The file index is used to find the file name in the following table.
:file_names 4;
    "N/A";
    "<interactive>";
    "HOME_TASKS/task3_tb.v";
    "HOME_TASKS/task3.v";
