#! /usr/bin/vvp
:ivl_version "11.0 (stable)";
:ivl_delay_selection "TYPICAL";
:vpi_time_precision + 0;
:vpi_module "/usr/lib/x86_64-linux-gnu/ivl/system.vpi";
:vpi_module "/usr/lib/x86_64-linux-gnu/ivl/vhdl_sys.vpi";
:vpi_module "/usr/lib/x86_64-linux-gnu/ivl/vhdl_textio.vpi";
:vpi_module "/usr/lib/x86_64-linux-gnu/ivl/v2005_math.vpi";
:vpi_module "/usr/lib/x86_64-linux-gnu/ivl/va_math.vpi";
S_0x5f216b980dc0 .scope module, "tb_mul8s_seq" "tb_mul8s_seq" 2 1;
 .timescale 0 0;
v0x5f216b9d39a0_0 .var/s "a", 7 0;
v0x5f216b9d3a80_0 .var/s "b", 7 0;
v0x5f216b9d3b50_0 .var "clk", 0 0;
v0x5f216b9d3c50_0 .net "ready", 0 0, v0x5f216b9d3680_0;  1 drivers
v0x5f216b9d3d20_0 .var "rst", 0 0;
v0x5f216b9d3dc0_0 .net/s "y", 15 0, v0x5f216b9d3800_0;  1 drivers
S_0x5f216b980f50 .scope module, "DUT" "mul8s_seq" 2 8, 3 1 0, S_0x5f216b980dc0;
 .timescale 0 0;
    .port_info 0 /INPUT 1 "clk";
    .port_info 1 /INPUT 1 "rst";
    .port_info 2 /INPUT 8 "a";
    .port_info 3 /INPUT 8 "b";
    .port_info 4 /OUTPUT 16 "y";
    .port_info 5 /OUTPUT 1 "ready";
v0x5f216b9bc100_0 .net/s "a", 7 0, v0x5f216b9d39a0_0;  1 drivers
v0x5f216b9d3210_0 .net/s "b", 7 0, v0x5f216b9d3a80_0;  1 drivers
v0x5f216b9d32f0_0 .net "clk", 0 0, v0x5f216b9d3b50_0;  1 drivers
v0x5f216b9d3390_0 .var "count", 3 0;
v0x5f216b9d3470_0 .var/s "multiplicand", 15 0;
v0x5f216b9d35a0_0 .var/s "multiplier", 7 0;
v0x5f216b9d3680_0 .var "ready", 0 0;
v0x5f216b9d3740_0 .net "rst", 0 0, v0x5f216b9d3d20_0;  1 drivers
v0x5f216b9d3800_0 .var/s "y", 15 0;
E_0x5f216b9bd6c0 .event posedge, v0x5f216b9d3740_0, v0x5f216b9d32f0_0;
    .scope S_0x5f216b980f50;
T_0 ;
    %wait E_0x5f216b9bd6c0;
    %load/vec4 v0x5f216b9d3740_0;
    %flag_set/vec4 8;
    %jmp/0xz  T_0.0, 8;
    %pushi/vec4 0, 0, 16;
    %assign/vec4 v0x5f216b9d3800_0, 0;
    %pushi/vec4 0, 0, 1;
    %assign/vec4 v0x5f216b9d3680_0, 0;
    %pushi/vec4 0, 0, 4;
    %assign/vec4 v0x5f216b9d3390_0, 0;
    %jmp T_0.1;
T_0.0 ;
    %load/vec4 v0x5f216b9d3390_0;
    %pad/u 32;
    %cmpi/e 0, 0, 32;
    %jmp/0xz  T_0.2, 4;
    %load/vec4 v0x5f216b9bc100_0;
    %parti/s 1, 7, 4;
    %replicate 8;
    %load/vec4 v0x5f216b9bc100_0;
    %concat/vec4; draw_concat_vec4
    %assign/vec4 v0x5f216b9d3470_0, 0;
    %load/vec4 v0x5f216b9d3210_0;
    %assign/vec4 v0x5f216b9d35a0_0, 0;
    %pushi/vec4 0, 0, 16;
    %assign/vec4 v0x5f216b9d3800_0, 0;
    %pushi/vec4 0, 0, 1;
    %assign/vec4 v0x5f216b9d3680_0, 0;
    %pushi/vec4 1, 0, 4;
    %assign/vec4 v0x5f216b9d3390_0, 0;
    %jmp T_0.3;
T_0.2 ;
    %load/vec4 v0x5f216b9d3390_0;
    %pad/u 32;
    %cmpi/u 8, 0, 32;
    %flag_or 5, 4;
    %jmp/0xz  T_0.4, 5;
    %load/vec4 v0x5f216b9d35a0_0;
    %parti/s 1, 0, 2;
    %flag_set/vec4 8;
    %jmp/0xz  T_0.6, 8;
    %load/vec4 v0x5f216b9d3800_0;
    %load/vec4 v0x5f216b9d3470_0;
    %add;
    %assign/vec4 v0x5f216b9d3800_0, 0;
T_0.6 ;
    %load/vec4 v0x5f216b9d3470_0;
    %ix/load 4, 1, 0;
    %flag_set/imm 4, 0;
    %shiftl 4;
    %assign/vec4 v0x5f216b9d3470_0, 0;
    %load/vec4 v0x5f216b9d35a0_0;
    %ix/load 4, 1, 0;
    %flag_set/imm 4, 0;
    %shiftr/s 4;
    %assign/vec4 v0x5f216b9d35a0_0, 0;
    %load/vec4 v0x5f216b9d3390_0;
    %addi 1, 0, 4;
    %assign/vec4 v0x5f216b9d3390_0, 0;
    %load/vec4 v0x5f216b9d3390_0;
    %pad/u 32;
    %cmpi/e 8, 0, 32;
    %jmp/0xz  T_0.8, 4;
    %pushi/vec4 1, 0, 1;
    %assign/vec4 v0x5f216b9d3680_0, 0;
T_0.8 ;
T_0.4 ;
T_0.3 ;
T_0.1 ;
    %jmp T_0;
    .thread T_0;
    .scope S_0x5f216b980dc0;
T_1 ;
    %delay 5, 0;
    %load/vec4 v0x5f216b9d3b50_0;
    %inv;
    %store/vec4 v0x5f216b9d3b50_0, 0, 1;
    %jmp T_1;
    .thread T_1;
    .scope S_0x5f216b980dc0;
T_2 ;
    %pushi/vec4 0, 0, 1;
    %store/vec4 v0x5f216b9d3b50_0, 0, 1;
    %pushi/vec4 1, 0, 1;
    %store/vec4 v0x5f216b9d3d20_0, 0, 1;
    %delay 10, 0;
    %pushi/vec4 0, 0, 1;
    %store/vec4 v0x5f216b9d3d20_0, 0, 1;
    %pushi/vec4 251, 0, 8;
    %store/vec4 v0x5f216b9d39a0_0, 0, 8;
    %pushi/vec4 7, 0, 8;
    %store/vec4 v0x5f216b9d3a80_0, 0, 8;
    %delay 100, 0;
    %pushi/vec4 246, 0, 8;
    %store/vec4 v0x5f216b9d39a0_0, 0, 8;
    %pushi/vec4 246, 0, 8;
    %store/vec4 v0x5f216b9d3a80_0, 0, 8;
    %delay 100, 0;
    %pushi/vec4 127, 0, 8;
    %store/vec4 v0x5f216b9d39a0_0, 0, 8;
    %pushi/vec4 255, 0, 8;
    %store/vec4 v0x5f216b9d3a80_0, 0, 8;
    %delay 100, 0;
    %vpi_call 2 25 "$finish" {0 0 0};
    %end;
    .thread T_2;
# The file index is used to find the file name in the following table.
:file_names 4;
    "N/A";
    "<interactive>";
    "HOME_TASKS/task2_tb.v";
    "HOME_TASKS/task2.v";
